C:\USERS\BEBOP\DOCUMENTS\VISUAL STUDIO 2010\PROJECTS\X_ANIMS\PRACTICE_XAINM\DEBUG\PRACTICE_XAINM.EXE
C:\USERS\BEBOP\DOCUMENTS\VISUAL STUDIO 2010\PROJECTS\X_ANIMS\PRACTICE_XAINM\DEBUG\PRACTICE_XAINM.ILK
C:\USERS\BEBOP\DOCUMENTS\VISUAL STUDIO 2010\PROJECTS\X_ANIMS\PRACTICE_XAINM\DEBUG\PRACTICE_XAINM.PDB
C:\Users\bebop\Documents\Visual Studio 2010\Projects\X_Anims\practice_Xainm\practice_Xainm\Debug\cl.command.1.tlog
C:\Users\bebop\Documents\Visual Studio 2010\Projects\X_Anims\practice_Xainm\practice_Xainm\Debug\CL.read.1.tlog
C:\Users\bebop\Documents\Visual Studio 2010\Projects\X_Anims\practice_Xainm\practice_Xainm\Debug\CL.write.1.tlog
C:\USERS\BEBOP\DOCUMENTS\VISUAL STUDIO 2010\PROJECTS\X_ANIMS\PRACTICE_XAINM\PRACTICE_XAINM\DEBUG\COMMANDSCRIPT.OBJ
C:\USERS\BEBOP\DOCUMENTS\VISUAL STUDIO 2010\PROJECTS\X_ANIMS\PRACTICE_XAINM\PRACTICE_XAINM\DEBUG\CXMODEL.OBJ
C:\USERS\BEBOP\DOCUMENTS\VISUAL STUDIO 2010\PROJECTS\X_ANIMS\PRACTICE_XAINM\PRACTICE_XAINM\DEBUG\FWTEMPLATE.OBJ
C:\Users\bebop\Documents\Visual Studio 2010\Projects\X_Anims\practice_Xainm\practice_Xainm\Debug\link.1748.read.1.tlog
C:\Users\bebop\Documents\Visual Studio 2010\Projects\X_Anims\practice_Xainm\practice_Xainm\Debug\link.1748.write.1.tlog
C:\Users\bebop\Documents\Visual Studio 2010\Projects\X_Anims\practice_Xainm\practice_Xainm\Debug\link.1748-cvtres.read.1.tlog
C:\Users\bebop\Documents\Visual Studio 2010\Projects\X_Anims\practice_Xainm\practice_Xainm\Debug\link.1748-cvtres.write.1.tlog
C:\Users\bebop\Documents\Visual Studio 2010\Projects\X_Anims\practice_Xainm\practice_Xainm\Debug\link.command.1.tlog
C:\Users\bebop\Documents\Visual Studio 2010\Projects\X_Anims\practice_Xainm\practice_Xainm\Debug\link.read.1.tlog
C:\Users\bebop\Documents\Visual Studio 2010\Projects\X_Anims\practice_Xainm\practice_Xainm\Debug\link.write.1.tlog
C:\Users\bebop\Documents\Visual Studio 2010\Projects\X_Anims\practice_Xainm\practice_Xainm\Debug\link-cvtres.read.1.tlog
C:\Users\bebop\Documents\Visual Studio 2010\Projects\X_Anims\practice_Xainm\practice_Xainm\Debug\link-cvtres.write.1.tlog
C:\Users\bebop\Documents\Visual Studio 2010\Projects\X_Anims\practice_Xainm\practice_Xainm\Debug\mt.command.1.tlog
C:\Users\bebop\Documents\Visual Studio 2010\Projects\X_Anims\practice_Xainm\practice_Xainm\Debug\mt.read.1.tlog
C:\Users\bebop\Documents\Visual Studio 2010\Projects\X_Anims\practice_Xainm\practice_Xainm\Debug\mt.write.1.tlog
C:\USERS\BEBOP\DOCUMENTS\VISUAL STUDIO 2010\PROJECTS\X_ANIMS\PRACTICE_XAINM\PRACTICE_XAINM\DEBUG\PRACTICE_XAINM.EXE.EMBED.MANIFEST
C:\USERS\BEBOP\DOCUMENTS\VISUAL STUDIO 2010\PROJECTS\X_ANIMS\PRACTICE_XAINM\PRACTICE_XAINM\DEBUG\PRACTICE_XAINM.EXE.EMBED.MANIFEST.RES
C:\USERS\BEBOP\DOCUMENTS\VISUAL STUDIO 2010\PROJECTS\X_ANIMS\PRACTICE_XAINM\PRACTICE_XAINM\DEBUG\PRACTICE_XAINM.EXE.INTERMEDIATE.MANIFEST
C:\Users\bebop\Documents\Visual Studio 2010\Projects\X_Anims\practice_Xainm\practice_Xainm\Debug\practice_Xainm.write.1.tlog
C:\Users\bebop\Documents\Visual Studio 2010\Projects\X_Anims\practice_Xainm\practice_Xainm\Debug\practice_Xainm_manifest.rc
C:\Users\bebop\Documents\Visual Studio 2010\Projects\X_Anims\practice_Xainm\practice_Xainm\Debug\rc.command.1.tlog
C:\Users\bebop\Documents\Visual Studio 2010\Projects\X_Anims\practice_Xainm\practice_Xainm\Debug\rc.read.1.tlog
C:\Users\bebop\Documents\Visual Studio 2010\Projects\X_Anims\practice_Xainm\practice_Xainm\Debug\rc.write.1.tlog
C:\Users\bebop\Documents\Visual Studio 2010\Projects\X_Anims\practice_Xainm\practice_Xainm\Debug\vc100.idb
C:\USERS\BEBOP\DOCUMENTS\VISUAL STUDIO 2010\PROJECTS\X_ANIMS\PRACTICE_XAINM\PRACTICE_XAINM\DEBUG\VC100.PDB
C:\USERS\BEBOP\DOCUMENTS\VISUAL STUDIO 2010\PROJECTS\X_ANIMS\PRACTICE_XAINM\PRACTICE_XAINM\DEBUG\XSTRUCTURES.OBJ
